  [1m[35m (0.1ms)[0m  [1m[34mSELECT "schema_migrations"."version" FROM "schema_migrations" ORDER BY "schema_migrations"."version" ASC[0m
  [1m[35m (0.2ms)[0m  [1m[34mSELECT "ar_internal_metadata"."value" FROM "ar_internal_metadata" WHERE "ar_internal_metadata"."key" = ?[0m  [["key", "environment"]]
  [1m[35m (0.1ms)[0m  [1m[34mSELECT "schema_migrations"."version" FROM "schema_migrations" ORDER BY "schema_migrations"."version" ASC[0m
  [1m[35m (0.1ms)[0m  [1m[34mSELECT "ar_internal_metadata"."value" FROM "ar_internal_metadata" WHERE "ar_internal_metadata"."key" = ?[0m  [["key", "environment"]]
  [1m[35m (0.1ms)[0m  [1m[34mSELECT "schema_migrations"."version" FROM "schema_migrations" ORDER BY "schema_migrations"."version" ASC[0m
  [1m[35m (0.1ms)[0m  [1m[34mSELECT "ar_internal_metadata"."value" FROM "ar_internal_metadata" WHERE "ar_internal_metadata"."key" = ?[0m  [["key", "environment"]]
  [1m[35m (0.1ms)[0m  [1m[34mSELECT sqlite_version(*)[0m
  [1m[35m (97.7ms)[0m  [1m[35mCREATE TABLE "schema_migrations" ("version" varchar NOT NULL PRIMARY KEY)[0m
  [1m[35m (80.5ms)[0m  [1m[35mCREATE TABLE "ar_internal_metadata" ("key" varchar NOT NULL PRIMARY KEY, "value" varchar, "created_at" datetime NOT NULL, "updated_at" datetime NOT NULL)[0m
  [1m[35m (0.3ms)[0m  [1m[34mSELECT "schema_migrations"."version" FROM "schema_migrations" ORDER BY "schema_migrations"."version" ASC[0m
Migrating to CreateGemStones (20180425034050)
  [1m[35m (0.1ms)[0m  [1m[36mbegin transaction[0m
  [1m[35m (0.7ms)[0m  [1m[35mCREATE TABLE "gem_stones" ("id" INTEGER PRIMARY KEY AUTOINCREMENT NOT NULL, "name" varchar, "details" varchar, "diamond_specification" varchar, "color" varchar, "created_at" datetime NOT NULL, "updated_at" datetime NOT NULL)[0m
  [1m[35mSQL (0.3ms)[0m  [1m[32mINSERT INTO "schema_migrations" ("version") VALUES (?)[0m  [["version", "20180425034050"]]
  [1m[35m (80.0ms)[0m  [1m[36mcommit transaction[0m
Migrating to CreateMetals (20180425034640)
  [1m[35m (0.2ms)[0m  [1m[36mbegin transaction[0m
  [1m[35m (1.2ms)[0m  [1m[35mCREATE TABLE "metals" ("id" INTEGER PRIMARY KEY AUTOINCREMENT NOT NULL, "name" varchar, "metal_type" varchar, "metal_accents" varchar, "color" varchar, "created_at" datetime NOT NULL, "updated_at" datetime NOT NULL)[0m
  [1m[35mSQL (0.7ms)[0m  [1m[32mINSERT INTO "schema_migrations" ("version") VALUES (?)[0m  [["version", "20180425034640"]]
  [1m[35m (80.4ms)[0m  [1m[36mcommit transaction[0m
Migrating to CreateComments (20180425035502)
  [1m[35m (0.2ms)[0m  [1m[36mbegin transaction[0m
  [1m[35m (1.2ms)[0m  [1m[35mCREATE TABLE "comments" ("id" INTEGER PRIMARY KEY AUTOINCREMENT NOT NULL, "user_id" integer, "style_of_product_id" integer, "content" varchar, "rating" integer, "status" varchar, "created_at" datetime NOT NULL, "updated_at" datetime NOT NULL)[0m
  [1m[35m (0.6ms)[0m  [1m[35mCREATE  INDEX "index_comments_on_user_id" ON "comments" ("user_id")[0m
  [1m[35m (0.3ms)[0m  [1m[34m            SELECT sql
            FROM sqlite_master
            WHERE name='index_comments_on_user_id' AND type='index'
            UNION ALL
            SELECT sql
            FROM sqlite_temp_master
            WHERE name='index_comments_on_user_id' AND type='index'
[0m
  [1m[35m (0.4ms)[0m  [1m[35mCREATE  INDEX "index_comments_on_style_of_product_id" ON "comments" ("style_of_product_id")[0m
  [1m[35mSQL (0.4ms)[0m  [1m[32mINSERT INTO "schema_migrations" ("version") VALUES (?)[0m  [["version", "20180425035502"]]
  [1m[35m (74.8ms)[0m  [1m[36mcommit transaction[0m
Migrating to CreateOrders (20180425035613)
  [1m[35m (0.2ms)[0m  [1m[36mbegin transaction[0m
  [1m[35m (2.8ms)[0m  [1m[35mCREATE TABLE "orders" ("id" INTEGER PRIMARY KEY AUTOINCREMENT NOT NULL, "user_id" integer, "total_price" varchar, "amount" integer, "status" varchar, "address" varchar, "created_at" datetime NOT NULL, "updated_at" datetime NOT NULL)[0m
  [1m[35m (0.6ms)[0m  [1m[35mCREATE  INDEX "index_orders_on_user_id" ON "orders" ("user_id")[0m
  [1m[35mSQL (0.6ms)[0m  [1m[32mINSERT INTO "schema_migrations" ("version") VALUES (?)[0m  [["version", "20180425035613"]]
  [1m[35m (59.4ms)[0m  [1m[36mcommit transaction[0m
Migrating to CreateOrderDetails (20180425040131)
  [1m[35m (0.2ms)[0m  [1m[36mbegin transaction[0m
  [1m[35m (2.8ms)[0m  [1m[35mCREATE TABLE "order_details" ("id" INTEGER PRIMARY KEY AUTOINCREMENT NOT NULL, "product_id" integer, "order_id" integer, "amount" varchar, "created_at" datetime NOT NULL, "updated_at" datetime NOT NULL)[0m
  [1m[35m (0.6ms)[0m  [1m[35mCREATE  INDEX "index_order_details_on_product_id" ON "order_details" ("product_id")[0m
  [1m[35m (0.2ms)[0m  [1m[34m            SELECT sql
            FROM sqlite_master
            WHERE name='index_order_details_on_product_id' AND type='index'
            UNION ALL
            SELECT sql
            FROM sqlite_temp_master
            WHERE name='index_order_details_on_product_id' AND type='index'
[0m
  [1m[35m (0.7ms)[0m  [1m[35mCREATE  INDEX "index_order_details_on_order_id" ON "order_details" ("order_id")[0m
  [1m[35mSQL (0.5ms)[0m  [1m[32mINSERT INTO "schema_migrations" ("version") VALUES (?)[0m  [["version", "20180425040131"]]
  [1m[35m (77.8ms)[0m  [1m[36mcommit transaction[0m
Migrating to CreateStyleOfProducts (20180425040414)
  [1m[35m (0.2ms)[0m  [1m[36mbegin transaction[0m
  [1m[35m (1.8ms)[0m  [1m[35mCREATE TABLE "style_of_products" ("id" INTEGER PRIMARY KEY AUTOINCREMENT NOT NULL, "user_id" integer, "name" varchar, "description" varchar, "advantage" varchar, "collection" varchar, "price" integer, "dimensions" varchar, "necklace_length" varchar, "photograph_size" varchar, "category_name" varchar, "status" varchar, "created_at" datetime NOT NULL, "updated_at" datetime NOT NULL)[0m
  [1m[35m (0.7ms)[0m  [1m[35mCREATE  INDEX "index_style_of_products_on_user_id" ON "style_of_products" ("user_id")[0m
  [1m[35mSQL (0.5ms)[0m  [1m[32mINSERT INTO "schema_migrations" ("version") VALUES (?)[0m  [["version", "20180425040414"]]
  [1m[35m (132.9ms)[0m  [1m[36mcommit transaction[0m
Migrating to CreateProducts (20180425040506)
  [1m[35m (0.1ms)[0m  [1m[36mbegin transaction[0m
  [1m[35m (0.8ms)[0m  [1m[35mCREATE TABLE "products" ("id" INTEGER PRIMARY KEY AUTOINCREMENT NOT NULL, "gem_stone_id" integer, "metal_id" integer, "style_of_product_id" integer, "amount" integer, "created_at" datetime NOT NULL, "updated_at" datetime NOT NULL)[0m
  [1m[35m (0.2ms)[0m  [1m[35mCREATE  INDEX "index_products_on_gem_stone_id" ON "products" ("gem_stone_id")[0m
  [1m[35m (0.1ms)[0m  [1m[34m            SELECT sql
            FROM sqlite_master
            WHERE name='index_products_on_gem_stone_id' AND type='index'
            UNION ALL
            SELECT sql
            FROM sqlite_temp_master
            WHERE name='index_products_on_gem_stone_id' AND type='index'
[0m
  [1m[35m (0.2ms)[0m  [1m[35mCREATE  INDEX "index_products_on_metal_id" ON "products" ("metal_id")[0m
  [1m[35m (0.1ms)[0m  [1m[34m            SELECT sql
            FROM sqlite_master
            WHERE name='index_products_on_metal_id' AND type='index'
            UNION ALL
            SELECT sql
            FROM sqlite_temp_master
            WHERE name='index_products_on_metal_id' AND type='index'
[0m
  [1m[35m (0.1ms)[0m  [1m[34m            SELECT sql
            FROM sqlite_master
            WHERE name='index_products_on_gem_stone_id' AND type='index'
            UNION ALL
            SELECT sql
            FROM sqlite_temp_master
            WHERE name='index_products_on_gem_stone_id' AND type='index'
[0m
  [1m[35m (0.2ms)[0m  [1m[35mCREATE  INDEX "index_products_on_style_of_product_id" ON "products" ("style_of_product_id")[0m
  [1m[35mSQL (0.1ms)[0m  [1m[32mINSERT INTO "schema_migrations" ("version") VALUES (?)[0m  [["version", "20180425040506"]]
  [1m[35m (121.5ms)[0m  [1m[36mcommit transaction[0m
Migrating to CreateImages (20180425040613)
  [1m[35m (0.3ms)[0m  [1m[36mbegin transaction[0m
  [1m[35m (2.4ms)[0m  [1m[35mCREATE TABLE "images" ("id" INTEGER PRIMARY KEY AUTOINCREMENT NOT NULL, "product_id" integer, "user_id" integer, "url" varchar, "url_out" varchar, "created_at" datetime NOT NULL, "updated_at" datetime NOT NULL)[0m
  [1m[35m (1.1ms)[0m  [1m[35mCREATE  INDEX "index_images_on_product_id" ON "images" ("product_id")[0m
  [1m[35m (1.5ms)[0m  [1m[34m            SELECT sql
            FROM sqlite_master
            WHERE name='index_images_on_product_id' AND type='index'
            UNION ALL
            SELECT sql
            FROM sqlite_temp_master
            WHERE name='index_images_on_product_id' AND type='index'
[0m
  [1m[35m (0.8ms)[0m  [1m[35mCREATE  INDEX "index_images_on_user_id" ON "images" ("user_id")[0m
  [1m[35mSQL (0.6ms)[0m  [1m[32mINSERT INTO "schema_migrations" ("version") VALUES (?)[0m  [["version", "20180425040613"]]
  [1m[35m (102.2ms)[0m  [1m[36mcommit transaction[0m
Migrating to DeviseCreateUsers (20180425040838)
  [1m[35m (0.3ms)[0m  [1m[36mbegin transaction[0m
  [1m[35m (1.8ms)[0m  [1m[35mCREATE TABLE "users" ("id" INTEGER PRIMARY KEY AUTOINCREMENT NOT NULL, "email" varchar DEFAULT '' NOT NULL, "encrypted_password" varchar DEFAULT '' NOT NULL, "reset_password_token" varchar, "reset_password_sent_at" datetime, "remember_created_at" datetime, "sign_in_count" integer DEFAULT 0 NOT NULL, "current_sign_in_at" datetime, "last_sign_in_at" datetime, "current_sign_in_ip" varchar, "last_sign_in_ip" varchar, "confirmation_token" varchar, "confirmed_at" datetime, "confirmation_sent_at" datetime, "unconfirmed_email" varchar, "failed_attempts" integer DEFAULT 0 NOT NULL, "unlock_token" varchar, "locked_at" datetime, "created_at" datetime NOT NULL, "updated_at" datetime NOT NULL)[0m
  [1m[35m (1.2ms)[0m  [1m[35mALTER TABLE "users" ADD "name" varchar[0m
  [1m[35m (1.1ms)[0m  [1m[35mALTER TABLE "users" ADD "birthday" date[0m
  [1m[35m (1.1ms)[0m  [1m[35mALTER TABLE "users" ADD "gender" varchar[0m
  [1m[35m (1.0ms)[0m  [1m[35mALTER TABLE "users" ADD "phone" varchar[0m
  [1m[35m (1.0ms)[0m  [1m[35mALTER TABLE "users" ADD "role" varchar DEFAULT 'user'[0m
  [1m[35m (1.1ms)[0m  [1m[35mALTER TABLE "users" ADD "provider" varchar[0m
  [1m[35m (1.1ms)[0m  [1m[35mALTER TABLE "users" ADD "uid" varchar[0m
  [1m[35m (1.1ms)[0m  [1m[35mALTER TABLE "users" ADD "address" varchar[0m
  [1m[35m (1.0ms)[0m  [1m[35mCREATE UNIQUE INDEX "index_users_on_email" ON "users" ("email")[0m
  [1m[35m (0.5ms)[0m  [1m[34m            SELECT sql
            FROM sqlite_master
            WHERE name='index_users_on_email' AND type='index'
            UNION ALL
            SELECT sql
            FROM sqlite_temp_master
            WHERE name='index_users_on_email' AND type='index'
[0m
  [1m[35m (0.9ms)[0m  [1m[35mCREATE UNIQUE INDEX "index_users_on_reset_password_token" ON "users" ("reset_password_token")[0m
  [1m[35mSQL (0.6ms)[0m  [1m[32mINSERT INTO "schema_migrations" ("version") VALUES (?)[0m  [["version", "20180425040838"]]
  [1m[35m (102.8ms)[0m  [1m[36mcommit transaction[0m
  [1m[36mActiveRecord::InternalMetadata Load (0.3ms)[0m  [1m[34mSELECT  "ar_internal_metadata".* FROM "ar_internal_metadata" WHERE "ar_internal_metadata"."key" = ? LIMIT ?[0m  [["key", "environment"], ["LIMIT", 1]]
  [1m[35m (0.2ms)[0m  [1m[36mbegin transaction[0m
  [1m[35mSQL (0.6ms)[0m  [1m[32mINSERT INTO "ar_internal_metadata" ("key", "value", "created_at", "updated_at") VALUES (?, ?, ?, ?)[0m  [["key", "environment"], ["value", "development"], ["created_at", "2018-05-02 06:48:20.005961"], ["updated_at", "2018-05-02 06:48:20.005961"]]
  [1m[35m (50.2ms)[0m  [1m[36mcommit transaction[0m
  [1m[35m (0.6ms)[0m  [1m[34mSELECT "schema_migrations"."version" FROM "schema_migrations" ORDER BY "schema_migrations"."version" ASC[0m
  [1m[35m (0.4ms)[0m  [1m[34m            SELECT sql
            FROM sqlite_master
            WHERE name='index_comments_on_style_of_product_id' AND type='index'
            UNION ALL
            SELECT sql
            FROM sqlite_temp_master
            WHERE name='index_comments_on_style_of_product_id' AND type='index'
[0m
  [1m[35m (0.6ms)[0m  [1m[34m            SELECT sql
            FROM sqlite_master
            WHERE name='index_comments_on_user_id' AND type='index'
            UNION ALL
            SELECT sql
            FROM sqlite_temp_master
            WHERE name='index_comments_on_user_id' AND type='index'
[0m
  [1m[35m (0.4ms)[0m  [1m[34m            SELECT sql
            FROM sqlite_master
            WHERE name='index_images_on_user_id' AND type='index'
            UNION ALL
            SELECT sql
            FROM sqlite_temp_master
            WHERE name='index_images_on_user_id' AND type='index'
[0m
  [1m[35m (0.7ms)[0m  [1m[34m            SELECT sql
            FROM sqlite_master
            WHERE name='index_images_on_product_id' AND type='index'
            UNION ALL
            SELECT sql
            FROM sqlite_temp_master
            WHERE name='index_images_on_product_id' AND type='index'
[0m
  [1m[35m (0.6ms)[0m  [1m[34m            SELECT sql
            FROM sqlite_master
            WHERE name='index_order_details_on_order_id' AND type='index'
            UNION ALL
            SELECT sql
            FROM sqlite_temp_master
            WHERE name='index_order_details_on_order_id' AND type='index'
[0m
  [1m[35m (1.7ms)[0m  [1m[34m            SELECT sql
            FROM sqlite_master
            WHERE name='index_order_details_on_product_id' AND type='index'
            UNION ALL
            SELECT sql
            FROM sqlite_temp_master
            WHERE name='index_order_details_on_product_id' AND type='index'
[0m
  [1m[35m (0.9ms)[0m  [1m[34m            SELECT sql
            FROM sqlite_master
            WHERE name='index_orders_on_user_id' AND type='index'
            UNION ALL
            SELECT sql
            FROM sqlite_temp_master
            WHERE name='index_orders_on_user_id' AND type='index'
[0m
  [1m[35m (3.0ms)[0m  [1m[34m            SELECT sql
            FROM sqlite_master
            WHERE name='index_products_on_style_of_product_id' AND type='index'
            UNION ALL
            SELECT sql
            FROM sqlite_temp_master
            WHERE name='index_products_on_style_of_product_id' AND type='index'
[0m
  [1m[35m (0.7ms)[0m  [1m[34m            SELECT sql
            FROM sqlite_master
            WHERE name='index_products_on_metal_id' AND type='index'
            UNION ALL
            SELECT sql
            FROM sqlite_temp_master
            WHERE name='index_products_on_metal_id' AND type='index'
[0m
  [1m[35m (0.6ms)[0m  [1m[34m            SELECT sql
            FROM sqlite_master
            WHERE name='index_products_on_gem_stone_id' AND type='index'
            UNION ALL
            SELECT sql
            FROM sqlite_temp_master
            WHERE name='index_products_on_gem_stone_id' AND type='index'
[0m
  [1m[35m (0.4ms)[0m  [1m[34m            SELECT sql
            FROM sqlite_master
            WHERE name='index_style_of_products_on_user_id' AND type='index'
            UNION ALL
            SELECT sql
            FROM sqlite_temp_master
            WHERE name='index_style_of_products_on_user_id' AND type='index'
[0m
  [1m[35m (0.3ms)[0m  [1m[34m            SELECT sql
            FROM sqlite_master
            WHERE name='index_users_on_reset_password_token' AND type='index'
            UNION ALL
            SELECT sql
            FROM sqlite_temp_master
            WHERE name='index_users_on_reset_password_token' AND type='index'
[0m
  [1m[35m (0.3ms)[0m  [1m[34m            SELECT sql
            FROM sqlite_master
            WHERE name='index_users_on_email' AND type='index'
            UNION ALL
            SELECT sql
            FROM sqlite_temp_master
            WHERE name='index_users_on_email' AND type='index'
[0m
  [1m[35m (0.1ms)[0m  [1m[34mSELECT "schema_migrations"."version" FROM "schema_migrations" ORDER BY "schema_migrations"."version" ASC[0m
  [1m[35m (0.1ms)[0m  [1m[36mbegin transaction[0m
  [1m[36mUser Exists (0.3ms)[0m  [1m[34mSELECT  1 AS one FROM "users" WHERE "users"."email" = ? LIMIT ?[0m  [["email", "minhtestcode@gmail.com"], ["LIMIT", 1]]
  [1m[35mSQL (0.9ms)[0m  [1m[32mINSERT INTO "users" ("email", "encrypted_password", "confirmed_at", "created_at", "updated_at", "name", "role") VALUES (?, ?, ?, ?, ?, ?, ?)[0m  [["email", "minhtestcode@gmail.com"], ["encrypted_password", "$2a$11$j9IEnG/2JFsMPYWKiIoAUeU18SSV8NwgR9nLtJRUi3I8LM3yw7TZu"], ["confirmed_at", "2018-05-02 07:16:39.823959"], ["created_at", "2018-05-02 07:16:39.841237"], ["updated_at", "2018-05-02 07:16:39.841237"], ["name", "Minh Bác Ái"], ["role", "admin"]]
  [1m[35m (77.1ms)[0m  [1m[36mcommit transaction[0m
  [1m[35m (0.1ms)[0m  [1m[36mbegin transaction[0m
  [1m[36mUser Load (0.6ms)[0m  [1m[34mSELECT  "users".* FROM "users" WHERE "users"."id" = ? LIMIT ?[0m  [["id", 1], ["LIMIT", 1]]
  [1m[35mSQL (0.6ms)[0m  [1m[32mINSERT INTO "style_of_products" ("user_id", "name", "description", "advantage", "collection", "price", "category_name", "status", "created_at", "updated_at") VALUES (?, ?, ?, ?, ?, ?, ?, ?, ?, ?)[0m  [["user_id", 1], ["name", "White Sapphire Kula Eternity Bracelet"], ["description", "Featuring a contemporary, white sapphire-set bar this 18 carat rose gold vermeil Kula Eternity bracelet takes inspiration from the band of gemstones seen in the eternity ring style and adds eye-catching elevation to any bracelet stack. Its arch has been anthropometrically designed to comfortably flatter the wrist."], ["advantage", "Our Kula bracelets feature the adjustable nugget fastening|Ultimate bracelet for stacking|Match with more rose gold or mix this in with your silver and yellow gold bracelets"], ["collection", "Biography"], ["price", 2782708], ["category_name", "Bracelet"], ["status", "public"], ["created_at", "2018-05-02 07:16:40.026402"], ["updated_at", "2018-05-02 07:16:40.026402"]]
  [1m[35m (81.2ms)[0m  [1m[36mcommit transaction[0m
  [1m[35m (0.2ms)[0m  [1m[36mbegin transaction[0m
  [1m[36mUser Load (0.3ms)[0m  [1m[34mSELECT  "users".* FROM "users" WHERE "users"."id" = ? LIMIT ?[0m  [["id", 1], ["LIMIT", 1]]
  [1m[35mSQL (0.7ms)[0m  [1m[32mINSERT INTO "style_of_products" ("user_id", "name", "description", "advantage", "collection", "price", "category_name", "status", "created_at", "updated_at") VALUES (?, ?, ?, ?, ?, ?, ?, ?, ?, ?)[0m  [["user_id", 1], ["name", "Mille Beaded Ring"], ["description", "Presenting a tactile and modern stacking ring for any occasion, thisdemi-fine Mille Beaded Ring is crafted from 18 carat yellow gold vermeil and features an intriguing, beaded surface inspired by the traditional millegrain jewellery technique."], ["advantage", "Beads interlock when more than one Mille Beaded Ring is worn|Textured appearance enhanced by polished finish|Modern ring with a slightly vintage feel"], ["collection", "Floris"], ["price", 1636887], ["category_name", "Ring"], ["status", "public"], ["created_at", "2018-05-02 07:16:40.118158"], ["updated_at", "2018-05-02 07:16:40.118158"]]
  [1m[35m (125.8ms)[0m  [1m[36mcommit transaction[0m
  [1m[35m (0.2ms)[0m  [1m[36mbegin transaction[0m
  [1m[35mSQL (0.6ms)[0m  [1m[32mINSERT INTO "gem_stones" ("name", "color", "created_at", "updated_at") VALUES (?, ?, ?, ?)[0m  [["name", "Pearl"], ["color", "#FFFFFF"], ["created_at", "2018-05-02 07:16:40.269565"], ["updated_at", "2018-05-02 07:16:40.269565"]]
  [1m[35m (57.6ms)[0m  [1m[36mcommit transaction[0m
  [1m[35m (0.2ms)[0m  [1m[36mbegin transaction[0m
  [1m[35mSQL (0.6ms)[0m  [1m[32mINSERT INTO "gem_stones" ("name", "color", "created_at", "updated_at") VALUES (?, ?, ?, ?)[0m  [["name", "Moonstone"], ["color", "#F4F8F0"], ["created_at", "2018-05-02 07:16:40.334352"], ["updated_at", "2018-05-02 07:16:40.334352"]]
  [1m[35m (84.3ms)[0m  [1m[36mcommit transaction[0m
  [1m[35m (0.3ms)[0m  [1m[36mbegin transaction[0m
  [1m[35mSQL (0.9ms)[0m  [1m[32mINSERT INTO "gem_stones" ("name", "color", "created_at", "updated_at") VALUES (?, ?, ?, ?)[0m  [["name", "Apatite"], ["color", "#8DD2C1"], ["created_at", "2018-05-02 07:16:40.427545"], ["updated_at", "2018-05-02 07:16:40.427545"]]
  [1m[35m (56.1ms)[0m  [1m[36mcommit transaction[0m
  [1m[35m (0.2ms)[0m  [1m[36mbegin transaction[0m
  [1m[35mSQL (0.6ms)[0m  [1m[32mINSERT INTO "gem_stones" ("name", "color", "created_at", "updated_at") VALUES (?, ?, ?, ?)[0m  [["name", "Cultured Freshwater Pearl"], ["color", "#F0F2E4"], ["created_at", "2018-05-02 07:16:40.490032"], ["updated_at", "2018-05-02 07:16:40.490032"]]
  [1m[35m (60.8ms)[0m  [1m[36mcommit transaction[0m
  [1m[35m (0.2ms)[0m  [1m[36mbegin transaction[0m
  [1m[35mSQL (0.6ms)[0m  [1m[32mINSERT INTO "gem_stones" ("name", "color", "created_at", "updated_at") VALUES (?, ?, ?, ?)[0m  [["name", "Cultured White Sapphire"], ["color", "#EBEDDF"], ["created_at", "2018-05-02 07:16:40.556486"], ["updated_at", "2018-05-02 07:16:40.556486"]]
  [1m[35m (57.7ms)[0m  [1m[36mcommit transaction[0m
  [1m[35m (0.3ms)[0m  [1m[36mbegin transaction[0m
  [1m[35mSQL (0.6ms)[0m  [1m[32mINSERT INTO "gem_stones" ("name", "color", "created_at", "updated_at") VALUES (?, ?, ?, ?)[0m  [["name", "Diamond"], ["color", "#FAFDFC"], ["created_at", "2018-05-02 07:16:40.622637"], ["updated_at", "2018-05-02 07:16:40.622637"]]
  [1m[35m (61.6ms)[0m  [1m[36mcommit transaction[0m
  [1m[35m (0.3ms)[0m  [1m[36mbegin transaction[0m
  [1m[35mSQL (0.8ms)[0m  [1m[32mINSERT INTO "gem_stones" ("name", "color", "created_at", "updated_at") VALUES (?, ?, ?, ?)[0m  [["name", "Ruby"], ["color", "#934049"], ["created_at", "2018-05-02 07:16:40.690915"], ["updated_at", "2018-05-02 07:16:40.690915"]]
  [1m[35m (78.7ms)[0m  [1m[36mcommit transaction[0m
  [1m[35m (0.3ms)[0m  [1m[36mbegin transaction[0m
  [1m[35mSQL (0.7ms)[0m  [1m[32mINSERT INTO "gem_stones" ("name", "color", "created_at", "updated_at") VALUES (?, ?, ?, ?)[0m  [["name", "Sapphire"], ["color", "#2E51C8"], ["created_at", "2018-05-02 07:16:40.777127"], ["updated_at", "2018-05-02 07:16:40.777127"]]
  [1m[35m (81.9ms)[0m  [1m[36mcommit transaction[0m
  [1m[35m (0.2ms)[0m  [1m[36mbegin transaction[0m
  [1m[35mSQL (0.6ms)[0m  [1m[32mINSERT INTO "gem_stones" ("name", "color", "created_at", "updated_at") VALUES (?, ?, ?, ?)[0m  [["name", "Rose Quartz"], ["color", "#F3B5CA"], ["created_at", "2018-05-02 07:16:40.868608"], ["updated_at", "2018-05-02 07:16:40.868608"]]
  [1m[35m (83.8ms)[0m  [1m[36mcommit transaction[0m
  [1m[35m (0.2ms)[0m  [1m[36mbegin transaction[0m
  [1m[35mSQL (0.7ms)[0m  [1m[32mINSERT INTO "gem_stones" ("name", "color", "created_at", "updated_at") VALUES (?, ?, ?, ?)[0m  [["name", "Pink Opal"], ["color", "#EAEAEA"], ["created_at", "2018-05-02 07:16:40.956791"], ["updated_at", "2018-05-02 07:16:40.956791"]]
  [1m[35m (138.3ms)[0m  [1m[36mcommit transaction[0m
  [1m[35m (0.2ms)[0m  [1m[36mbegin transaction[0m
  [1m[35mSQL (0.8ms)[0m  [1m[32mINSERT INTO "metals" ("name", "color", "created_at", "updated_at") VALUES (?, ?, ?, ?)[0m  [["name", "Black Ruthenium Plated"], ["color", "#020202"], ["created_at", "2018-05-02 07:16:41.123882"], ["updated_at", "2018-05-02 07:16:41.123882"]]
  [1m[35m (59.4ms)[0m  [1m[36mcommit transaction[0m
  [1m[35m (0.2ms)[0m  [1m[36mbegin transaction[0m
  [1m[35mSQL (0.9ms)[0m  [1m[32mINSERT INTO "metals" ("name", "color", "created_at", "updated_at") VALUES (?, ?, ?, ?)[0m  [["name", "Rose Gold (Solid)"], ["color", "#FEE6D4"], ["created_at", "2018-05-02 07:16:41.189978"], ["updated_at", "2018-05-02 07:16:41.189978"]]
  [1m[35m (53.8ms)[0m  [1m[36mcommit transaction[0m
  [1m[35m (0.3ms)[0m  [1m[36mbegin transaction[0m
  [1m[35mSQL (0.9ms)[0m  [1m[32mINSERT INTO "metals" ("name", "color", "created_at", "updated_at") VALUES (?, ?, ?, ?)[0m  [["name", "Rose Gold (Vermeil)"], ["color", "#E38450"], ["created_at", "2018-05-02 07:16:41.252011"], ["updated_at", "2018-05-02 07:16:41.252011"]]
  [1m[35m (78.0ms)[0m  [1m[36mcommit transaction[0m
  [1m[35m (0.3ms)[0m  [1m[36mbegin transaction[0m
  [1m[35mSQL (0.8ms)[0m  [1m[32mINSERT INTO "metals" ("name", "color", "created_at", "updated_at") VALUES (?, ?, ?, ?)[0m  [["name", "Sterling Silver"], ["color", "#CECECE"], ["created_at", "2018-05-02 07:16:41.342141"], ["updated_at", "2018-05-02 07:16:41.342141"]]
  [1m[35m (57.0ms)[0m  [1m[36mcommit transaction[0m
  [1m[35m (0.3ms)[0m  [1m[36mbegin transaction[0m
  [1m[35mSQL (1.1ms)[0m  [1m[32mINSERT INTO "metals" ("name", "color", "created_at", "updated_at") VALUES (?, ?, ?, ?)[0m  [["name", "White Gold (Solid)"], ["color", "#F7F7F7"], ["created_at", "2018-05-02 07:16:41.410907"], ["updated_at", "2018-05-02 07:16:41.410907"]]
  [1m[35m (56.0ms)[0m  [1m[36mcommit transaction[0m
  [1m[35m (0.3ms)[0m  [1m[36mbegin transaction[0m
  [1m[35mSQL (1.0ms)[0m  [1m[32mINSERT INTO "metals" ("name", "color", "created_at", "updated_at") VALUES (?, ?, ?, ?)[0m  [["name", "Yellow Gold (Solid)"], ["color", "#DFC58C"], ["created_at", "2018-05-02 07:16:41.476077"], ["updated_at", "2018-05-02 07:16:41.476077"]]
  [1m[35m (83.6ms)[0m  [1m[36mcommit transaction[0m
  [1m[35m (0.4ms)[0m  [1m[36mbegin transaction[0m
  [1m[35mSQL (0.9ms)[0m  [1m[32mINSERT INTO "metals" ("name", "color", "created_at", "updated_at") VALUES (?, ?, ?, ?)[0m  [["name", "Yellow Gold (Vermeil)"], ["color", "#C8C578"], ["created_at", "2018-05-02 07:16:41.568431"], ["updated_at", "2018-05-02 07:16:41.568431"]]
  [1m[35m (51.1ms)[0m  [1m[36mcommit transaction[0m
  [1m[35m (0.2ms)[0m  [1m[36mbegin transaction[0m
  [1m[36mStyleOfProduct Load (0.6ms)[0m  [1m[34mSELECT  "style_of_products".* FROM "style_of_products" WHERE "style_of_products"."id" = ? LIMIT ?[0m  [["id", 1], ["LIMIT", 1]]
  [1m[35mSQL (1.6ms)[0m  [1m[32mINSERT INTO "products" ("gem_stone_id", "metal_id", "style_of_product_id", "amount", "created_at", "updated_at") VALUES (?, ?, ?, ?, ?, ?)[0m  [["gem_stone_id", 8], ["metal_id", 3], ["style_of_product_id", 1], ["amount", 12], ["created_at", "2018-05-02 07:16:41.672503"], ["updated_at", "2018-05-02 07:16:41.672503"]]
  [1m[35m (95.9ms)[0m  [1m[36mcommit transaction[0m
  [1m[35m (0.4ms)[0m  [1m[36mbegin transaction[0m
  [1m[36mStyleOfProduct Load (0.3ms)[0m  [1m[34mSELECT  "style_of_products".* FROM "style_of_products" WHERE "style_of_products"."id" = ? LIMIT ?[0m  [["id", 1], ["LIMIT", 1]]
  [1m[35mSQL (2.7ms)[0m  [1m[32mINSERT INTO "products" ("gem_stone_id", "metal_id", "style_of_product_id", "amount", "created_at", "updated_at") VALUES (?, ?, ?, ?, ?, ?)[0m  [["gem_stone_id", 2], ["metal_id", 4], ["style_of_product_id", 1], ["amount", 22], ["created_at", "2018-05-02 07:16:41.780314"], ["updated_at", "2018-05-02 07:16:41.780314"]]
  [1m[35m (83.1ms)[0m  [1m[36mcommit transaction[0m
  [1m[35m (0.3ms)[0m  [1m[36mbegin transaction[0m
  [1m[36mStyleOfProduct Load (0.5ms)[0m  [1m[34mSELECT  "style_of_products".* FROM "style_of_products" WHERE "style_of_products"."id" = ? LIMIT ?[0m  [["id", 1], ["LIMIT", 1]]
  [1m[35mSQL (3.2ms)[0m  [1m[32mINSERT INTO "products" ("gem_stone_id", "metal_id", "style_of_product_id", "amount", "created_at", "updated_at") VALUES (?, ?, ?, ?, ?, ?)[0m  [["gem_stone_id", 5], ["metal_id", 2], ["style_of_product_id", 1], ["amount", 9], ["created_at", "2018-05-02 07:16:41.882027"], ["updated_at", "2018-05-02 07:16:41.882027"]]
  [1m[35m (89.8ms)[0m  [1m[36mcommit transaction[0m
  [1m[35m (0.2ms)[0m  [1m[36mbegin transaction[0m
  [1m[36mStyleOfProduct Load (0.3ms)[0m  [1m[34mSELECT  "style_of_products".* FROM "style_of_products" WHERE "style_of_products"."id" = ? LIMIT ?[0m  [["id", 2], ["LIMIT", 1]]
  [1m[35mSQL (3.2ms)[0m  [1m[32mINSERT INTO "products" ("gem_stone_id", "metal_id", "style_of_product_id", "amount", "created_at", "updated_at") VALUES (?, ?, ?, ?, ?, ?)[0m  [["gem_stone_id", 3], ["metal_id", 5], ["style_of_product_id", 2], ["amount", 27], ["created_at", "2018-05-02 07:16:41.989185"], ["updated_at", "2018-05-02 07:16:41.989185"]]
  [1m[35m (110.4ms)[0m  [1m[36mcommit transaction[0m
  [1m[35m (0.4ms)[0m  [1m[36mbegin transaction[0m
  [1m[36mStyleOfProduct Load (0.4ms)[0m  [1m[34mSELECT  "style_of_products".* FROM "style_of_products" WHERE "style_of_products"."id" = ? LIMIT ?[0m  [["id", 2], ["LIMIT", 1]]
  [1m[35mSQL (1.1ms)[0m  [1m[32mINSERT INTO "products" ("gem_stone_id", "metal_id", "style_of_product_id", "amount", "created_at", "updated_at") VALUES (?, ?, ?, ?, ?, ?)[0m  [["gem_stone_id", 7], ["metal_id", 1], ["style_of_product_id", 2], ["amount", 2], ["created_at", "2018-05-02 07:16:42.112160"], ["updated_at", "2018-05-02 07:16:42.112160"]]
  [1m[35m (105.8ms)[0m  [1m[36mcommit transaction[0m
  [1m[35m (0.4ms)[0m  [1m[36mbegin transaction[0m
  [1m[36mStyleOfProduct Load (0.4ms)[0m  [1m[34mSELECT  "style_of_products".* FROM "style_of_products" WHERE "style_of_products"."id" = ? LIMIT ?[0m  [["id", 2], ["LIMIT", 1]]
  [1m[35mSQL (1.5ms)[0m  [1m[32mINSERT INTO "products" ("gem_stone_id", "metal_id", "style_of_product_id", "amount", "created_at", "updated_at") VALUES (?, ?, ?, ?, ?, ?)[0m  [["gem_stone_id", 9], ["metal_id", 2], ["style_of_product_id", 2], ["amount", 19], ["created_at", "2018-05-02 07:16:42.238975"], ["updated_at", "2018-05-02 07:16:42.238975"]]
  [1m[35m (110.7ms)[0m  [1m[36mcommit transaction[0m
